[debug] [2017-10-19T02:17:41.115Z] ----------------------------------------------------------------------
[debug] [2017-10-19T02:17:41.115Z] Command:       C:\Program Files\nodejs\node.exe C:\Users\James\AppData\Roaming\npm\node_modules\firebase-tools\bin\firebase serve
[debug] [2017-10-19T02:17:41.115Z] CLI Version:   3.13.1
[debug] [2017-10-19T02:17:41.115Z] Platform:      win32
[debug] [2017-10-19T02:17:41.115Z] Node Version:  v8.6.0
[debug] [2017-10-19T02:17:41.115Z] Time:          Wed Oct 18 2017 21:17:41 GMT-0500 (Central Daylight Time)
[debug] [2017-10-19T02:17:41.115Z] ----------------------------------------------------------------------
[debug] 
[debug] [2017-10-19T02:17:41.131Z] > command requires scopes: ["email","openid","https://www.googleapis.com/auth/cloudplatformprojects.readonly","https://www.googleapis.com/auth/firebase","https://www.googleapis.com/auth/cloud-platform"]
[debug] [2017-10-19T02:17:41.131Z] > authorizing via signed-in user
[debug] [2017-10-19T02:17:41.131Z] > refreshing access token with scopes: ["email","https://www.googleapis.com/auth/cloud-platform","https://www.googleapis.com/auth/cloudplatformprojects.readonly","https://www.googleapis.com/auth/firebase","openid"]
[debug] [2017-10-19T02:17:41.131Z] >>> HTTP REQUEST POST https://www.googleapis.com/oauth2/v3/token { refresh_token: '1/b2qYoSSnh5kyy1WANBy1Xd-7CWDZdkzqsnpxEjhOWbPdmE6ILwBcUaxqX4Swu6Zm',
  client_id: '563584335869-fgrhgmd47bqnekij5i8b5pr03ho849e6.apps.googleusercontent.com',
  client_secret: 'j9iVZfS8kkCEFUPaAeJV0sAi',
  grant_type: 'refresh_token',
  scope: 'email https://www.googleapis.com/auth/cloud-platform https://www.googleapis.com/auth/cloudplatformprojects.readonly https://www.googleapis.com/auth/firebase openid' } 
 Wed Oct 18 2017 21:17:41 GMT-0500 (Central Daylight Time)
[debug] [2017-10-19T02:17:41.302Z] <<< HTTP RESPONSE 200
[debug] [2017-10-19T02:17:41.302Z] >>> HTTP REQUEST GET https://admin.firebase.com/v1/projects/passwordr-3917b  
 Wed Oct 18 2017 21:17:41 GMT-0500 (Central Daylight Time)
[debug] [2017-10-19T02:17:41.912Z] <<< HTTP RESPONSE 200
[debug] [2017-10-19T02:17:41.912Z] >>> HTTP REQUEST GET https://admin.firebase.com/v1/database/passwordr-3917b/tokens  
 Wed Oct 18 2017 21:17:41 GMT-0500 (Central Daylight Time)
[debug] [2017-10-19T02:17:42.334Z] <<< HTTP RESPONSE 200
[info] 
[info] === Serving from 'C:\Users\James\Documents\Websites\Passwordr'...
[info] 
[debug] [2017-10-19T02:17:42.334Z] >>> HTTP REQUEST GET https://cloudresourcemanager.googleapis.com/v1/projects/passwordr-3917b  
 Wed Oct 18 2017 21:17:42 GMT-0500 (Central Daylight Time)
[debug] [2017-10-19T02:17:42.615Z] <<< HTTP RESPONSE 200
[debug] [2017-10-19T02:17:42.615Z] >>> HTTP REQUEST GET https://mobilesdk-pa.googleapis.com/v1/projects/690176352805/clients/_:getWebAppConfig  
 Wed Oct 18 2017 21:17:42 GMT-0500 (Central Daylight Time)
[debug] [2017-10-19T02:17:43.209Z] <<< HTTP RESPONSE 200
[info] i  hosting: Serving hosting files from: ./
[info] +  hosting: Local server: http://localhost:5000

